nohup: ignoring input
[DB] Using database at: /workspaces/BridgeLineUSA/backend/data/app.db
[DB] migrate() executed; equipment table exists: true
[Static] Disabled or build not found. (Set SERVE_FRONTEND=true after building the frontend.)
Server is running on http://localhost:4000
Uploads: /workspaces/BridgeLineUSA/backend/uploads
Quote folders: /workspaces/BridgeLineUSA/backend/data/quotes
[saveMeta] generating new quote no via getNextQuoteNo()
Supabase client created/updated
[saveMeta] Attempting to save to Supabase quotes table
Supabase quotes table already exists
[saveMeta] Syncing quote SCM-Q0055 to Supabase
[saveMeta] ✅ Successfully synced SCM-Q0055 to Supabase
[saveMeta] Supabase record ID: 4
[saveMeta] generating new quote no via getNextQuoteNo()
[saveMeta] Attempting to save to Supabase quotes table
Supabase quotes table already exists
[saveMeta] Syncing quote SCM-Q0056 to Supabase
[saveMeta] ✅ Successfully synced SCM-Q0056 to Supabase
[saveMeta] Supabase record ID: 5
SIGTERM received, shutting down gracefully
Server closed
